[2025-03-31 18:14:42] Added Egg to food log
[2025-03-31 18:15:22] Removed Brown Rice from food log
[2025-03-31 18:27:32] Added Bread Slice to food log
[2025-03-31 18:27:57] Removed Bread Slice from food log
[2025-03-31 18:28:11] UNDO: Added Bread Slice to food log
[2025-03-31 18:28:55] Added Milk to food log
[2025-03-31 18:29:01] UNDO: Added Bread Slice to food log
[2025-03-31 18:29:35] Removed Brown Rice from food log
[2025-03-31 18:29:41] UNDO: Added Bread Slice to food log
[2025-03-31 18:47:44] Added Basic Sandwich to food log
[2025-03-31 18:48:01] UNDO: Added Basic Sandwich to food log
[2025-03-31 18:48:17] Added Banana Oatmeal to food log
[2025-03-31 18:48:30] UNDO: Added Banana Oatmeal to food log
[2025-03-31 18:48:46] Removed Brown Rice from food log
[2025-03-31 18:48:52] UNDO: Removed Brown Rice from food log
[2025-03-31 18:49:30] Removed Brown Rice from food log
[2025-03-31 18:49:36] UNDO: Removed Brown Rice from food log
[2025-03-31 19:00:46] Changed servings of Brown Rice from 1.0 to 2.0
[2025-03-31 19:00:51] Changed servings of Brown Rice from 2.0 to 3.0
[2025-03-31 19:19:07] UNDO: Changed servings of Brown Rice from 2.0 to 3.0
[2025-03-31 19:19:17] UNDO: Changed servings of Brown Rice from 1.0 to 2.0
[2025-03-31 19:20:32] Changed servings of Brown Rice from 1.0 to 3.0
[2025-03-31 19:21:03] UNDO: Changed servings of Brown Rice from 1.0 to 3.0
[2025-03-31 19:21:15] Changed servings of Brown Rice from 1.0 to 2.5
[2025-03-31 19:21:24] Changed servings of Brown Rice from 2.5 to 3.0
[2025-03-31 19:21:34] UNDO: Changed servings of Brown Rice from 2.5 to 3.0
[2025-03-31 19:21:52] UNDO: Changed servings of Brown Rice from 1.0 to 2.5
[2025-03-31 19:22:41] Added Banana to food log
[2025-03-31 19:22:51] Added Apple to food log
[2025-03-31 19:24:37] UNDO: Added Apple to food log
[2025-03-31 19:24:48] UNDO: Added Banana to food log
[2025-03-31 19:31:47] Changed servings of Brown Rice from 1.0 to 2.0
[2025-03-31 19:31:58] Changed servings of Brown Rice from 2.0 to 3.0
[2025-03-31 19:32:03] UNDO: Changed servings of Brown Rice from 2.0 to 3.0
[2025-03-31 19:32:56] UNDO: Changed servings of Brown Rice from 1.0 to 2.0
